<?xml version="1.0" encoding="UTF-8"?>
<coverage generated="1702209094">
  <project timestamp="1702209094">
    <file name="/app/src/AbstractVatNumberValidationSoapService.php">
      <class name="rocketfellows\ViesVatValidationSoap\AbstractVatNumberValidationSoapService" namespace="global">
        <metrics complexity="18" methods="4" coveredmethods="4" conditionals="0" coveredconditionals="0" statements="43" coveredstatements="43" elements="47" coveredelements="47"/>
      </class>
      <line num="42" type="method" name="__construct" visibility="public" complexity="1" crap="1" count="54"/>
      <line num="45" type="stmt" count="54"/>
      <line num="50" type="method" name="validateVat" visibility="public" complexity="3" crap="3" count="54"/>
      <line num="53" type="stmt" count="54"/>
      <line num="55" type="stmt" count="51"/>
      <line num="56" type="stmt" count="51"/>
      <line num="57" type="stmt" count="51"/>
      <line num="58" type="stmt" count="51"/>
      <line num="59" type="stmt" count="51"/>
      <line num="60" type="stmt" count="51"/>
      <line num="61" type="stmt" count="42"/>
      <line num="62" type="stmt" count="36"/>
      <line num="63" type="stmt" count="6"/>
      <line num="64" type="stmt" count="6"/>
      <line num="68" type="method" name="handleResponse" visibility="private" complexity="1" crap="1" count="12"/>
      <line num="70" type="stmt" count="12"/>
      <line num="71" type="stmt" count="12"/>
      <line num="72" type="stmt" count="12"/>
      <line num="73" type="stmt" count="12"/>
      <line num="74" type="stmt" count="12"/>
      <line num="75" type="stmt" count="12"/>
      <line num="76" type="stmt" count="12"/>
      <line num="79" type="method" name="handleSoapFault" visibility="private" complexity="13" crap="13" count="36"/>
      <line num="81" type="stmt" count="36"/>
      <line num="82" type="stmt" count="36"/>
      <line num="83" type="stmt" count="3"/>
      <line num="84" type="stmt" count="33"/>
      <line num="85" type="stmt" count="3"/>
      <line num="86" type="stmt" count="30"/>
      <line num="87" type="stmt" count="3"/>
      <line num="88" type="stmt" count="27"/>
      <line num="89" type="stmt" count="3"/>
      <line num="90" type="stmt" count="24"/>
      <line num="91" type="stmt" count="3"/>
      <line num="92" type="stmt" count="21"/>
      <line num="93" type="stmt" count="3"/>
      <line num="94" type="stmt" count="18"/>
      <line num="95" type="stmt" count="3"/>
      <line num="96" type="stmt" count="15"/>
      <line num="97" type="stmt" count="3"/>
      <line num="98" type="stmt" count="12"/>
      <line num="99" type="stmt" count="3"/>
      <line num="100" type="stmt" count="9"/>
      <line num="101" type="stmt" count="3"/>
      <line num="102" type="stmt" count="6"/>
      <line num="103" type="stmt" count="3"/>
      <line num="105" type="stmt" count="3"/>
      <metrics loc="109" ncloc="109" classes="1" methods="4" coveredmethods="4" conditionals="0" coveredconditionals="0" statements="43" coveredstatements="43" elements="47" coveredelements="47"/>
    </file>
    <file name="/app/src/services/VatNumberValidationSoapExpansibleService.php">
      <class name="rocketfellows\ViesVatValidationSoap\services\VatNumberValidationSoapExpansibleService" namespace="global">
        <metrics complexity="2" methods="2" coveredmethods="2" conditionals="0" coveredconditionals="0" statements="3" coveredstatements="3" elements="5" coveredelements="5"/>
      </class>
      <line num="12" type="method" name="__construct" visibility="public" complexity="1" crap="1" count="18"/>
      <line num="16" type="stmt" count="18"/>
      <line num="18" type="stmt" count="18"/>
      <line num="21" type="method" name="getWsdlSource" visibility="protected" complexity="1" crap="1" count="18"/>
      <line num="23" type="stmt" count="18"/>
      <metrics loc="26" ncloc="26" classes="1" methods="2" coveredmethods="2" conditionals="0" coveredconditionals="0" statements="3" coveredstatements="3" elements="5" coveredelements="5"/>
    </file>
    <file name="/app/src/services/VatNumberValidationSoapService.php">
      <class name="rocketfellows\ViesVatValidationSoap\services\VatNumberValidationSoapService" namespace="global">
        <metrics complexity="1" methods="1" coveredmethods="1" conditionals="0" coveredconditionals="0" statements="1" coveredstatements="1" elements="2" coveredelements="2"/>
      </class>
      <line num="9" type="method" name="getWsdlSource" visibility="protected" complexity="1" crap="1" count="18"/>
      <line num="11" type="stmt" count="18"/>
      <metrics loc="14" ncloc="14" classes="1" methods="1" coveredmethods="1" conditionals="0" coveredconditionals="0" statements="1" coveredstatements="1" elements="2" coveredelements="2"/>
    </file>
    <file name="/app/src/services/VatNumberValidationSoapTestService.php">
      <class name="rocketfellows\ViesVatValidationSoap\services\VatNumberValidationSoapTestService" namespace="global">
        <metrics complexity="1" methods="1" coveredmethods="1" conditionals="0" coveredconditionals="0" statements="1" coveredstatements="1" elements="2" coveredelements="2"/>
      </class>
      <line num="9" type="method" name="getWsdlSource" visibility="protected" complexity="1" crap="1" count="18"/>
      <line num="11" type="stmt" count="18"/>
      <metrics loc="14" ncloc="14" classes="1" methods="1" coveredmethods="1" conditionals="0" coveredconditionals="0" statements="1" coveredstatements="1" elements="2" coveredelements="2"/>
    </file>
    <metrics files="4" loc="163" ncloc="163" classes="4" methods="8" coveredmethods="8" conditionals="0" coveredconditionals="0" statements="48" coveredstatements="48" elements="56" coveredelements="56"/>
  </project>
</coverage>
